0 verbose cli /data/data/com.termux/files/usr/bin/node /data/data/com.termux/files/usr/bin/npm
1 info using npm@9.5.1
2 info using node@v18.16.1
3 timing npm:load:whichnode Completed in 2ms
4 timing config:load:defaults Completed in 3ms
5 timing config:load:file:/data/data/com.termux/files/usr/lib/node_modules/npm/npmrc Completed in 1ms
6 timing config:load:builtin Completed in 1ms
7 timing config:load:cli Completed in 4ms
8 timing config:load:env Completed in 0ms
9 timing config:load:file:/data/data/com.termux/files/home/.local/share/nvim/mason/staging/css-lsp/.npmrc Completed in 0ms
10 timing config:load:project Completed in 3ms
11 timing config:load:file:/data/data/com.termux/files/home/.npmrc Completed in 2ms
12 timing config:load:user Completed in 3ms
13 timing config:load:file:/data/data/com.termux/files/usr/etc/npmrc Completed in 0ms
14 timing config:load:global Completed in 0ms
15 timing config:load:setEnvs Completed in 1ms
16 timing config:load Completed in 17ms
17 timing npm:load:configload Completed in 17ms
18 timing npm:load:mkdirpcache Completed in 1ms
19 timing npm:load:mkdirplogs Completed in 6ms
20 verbose title npm init
21 verbose argv "init" "--yes" "--scope" "mason"
22 timing npm:load:setTitle Completed in 5ms
23 timing config:load:flatten Completed in 16ms
24 timing npm:load:display Completed in 20ms
25 verbose logfile logs-max:10 dir:/data/data/com.termux/files/home/.npm/_logs/2024-01-28T13_54_02_485Z-
26 verbose logfile /data/data/com.termux/files/home/.npm/_logs/2024-01-28T13_54_02_485Z-debug-0.log
27 timing npm:load:logFile Completed in 13ms
28 timing npm:load:timers Completed in 0ms
29 timing npm:load:configScope Completed in 0ms
30 timing npm:load Completed in 64ms
31 timing config:load:flatten Completed in 1ms
32 silly logfile start cleaning logs, removing 2 files
33 silly logfile done cleaning log files
34 silly package data {
34 silly package data   name: '@mason/css-lsp',
34 silly package data   version: '1.0.0',
34 silly package data   description: '',
34 silly package data   main: 'index.js',
34 silly package data   scripts: { test: 'echo "Error: no test specified" && exit 1' },
34 silly package data   keywords: [],
34 silly package data   author: '',
34 silly package data   license: 'ISC'
34 silly package data }
35 timing command:init Completed in 95ms
36 verbose exit 0
37 timing npm Completed in 226ms
38 info ok
