0 verbose cli /data/data/com.termux/files/usr/bin/node /data/data/com.termux/files/usr/bin/npm
1 info using npm@9.5.1
2 info using node@v18.16.1
3 timing npm:load:whichnode Completed in 1ms
4 timing config:load:defaults Completed in 2ms
5 timing config:load:file:/data/data/com.termux/files/usr/lib/node_modules/npm/npmrc Completed in 1ms
6 timing config:load:builtin Completed in 1ms
7 timing config:load:cli Completed in 7ms
8 timing config:load:env Completed in 0ms
9 timing config:load:file:/data/data/com.termux/files/home/.local/share/nvim/mason/staging/css-lsp/.npmrc Completed in 4ms
10 timing config:load:project Completed in 7ms
11 timing config:load:file:/data/data/com.termux/files/home/.npmrc Completed in 1ms
12 timing config:load:user Completed in 1ms
13 timing config:load:file:/data/data/com.termux/files/usr/etc/npmrc Completed in 0ms
14 timing config:load:global Completed in 0ms
15 timing config:load:setEnvs Completed in 2ms
16 timing config:load Completed in 23ms
17 timing npm:load:configload Completed in 24ms
18 timing npm:load:mkdirpcache Completed in 0ms
19 timing npm:load:mkdirplogs Completed in 1ms
20 verbose title npm install vscode-langservers-extracted@4.8.0
21 verbose argv "install" "vscode-langservers-extracted@4.8.0"
22 timing npm:load:setTitle Completed in 2ms
23 timing config:load:flatten Completed in 7ms
24 timing npm:load:display Completed in 8ms
25 verbose logfile logs-max:10 dir:/data/data/com.termux/files/home/.npm/_logs/2024-01-28T13_54_04_899Z-
26 verbose logfile /data/data/com.termux/files/home/.npm/_logs/2024-01-28T13_54_04_899Z-debug-0.log
27 timing npm:load:logFile Completed in 9ms
28 timing npm:load:timers Completed in 0ms
29 timing npm:load:configScope Completed in 0ms
30 timing npm:load Completed in 47ms
31 timing arborist:ctor Completed in 2ms
32 silly logfile start cleaning logs, removing 3 files
33 silly logfile done cleaning log files
34 timing arborist:ctor Completed in 0ms
35 timing idealTree:init Completed in 19ms
36 timing idealTree:userRequests Completed in 7ms
37 silly idealTree buildDeps
38 silly fetch manifest vscode-langservers-extracted@4.8.0
39 http fetch GET 200 https://registry.npmjs.org/vscode-langservers-extracted 384ms (cache miss)
40 silly placeDep ROOT vscode-langservers-extracted@4.8.0 OK for: @mason/css-lsp@1.0.0 want: 4.8.0
41 silly fetch manifest @vscode/l10n@^0.0.16
42 silly fetch manifest core-js@^3.20.1
43 silly fetch manifest jsonc-parser@^3.2.0
44 silly fetch manifest regenerator-runtime@^0.13.9
45 silly fetch manifest request-light@^0.7.0
46 silly fetch manifest typescript@^4.0.5
47 silly fetch manifest vscode-css-languageservice@^6.2.10
48 silly fetch manifest vscode-html-languageservice@^5.1.0
49 silly fetch manifest vscode-json-languageservice@^5.3.7
50 silly fetch manifest vscode-languageserver@^9.0.1
51 silly fetch manifest vscode-languageserver-textdocument@^1.0.11
52 silly fetch manifest vscode-languageserver-types@^3.17.5
53 silly fetch manifest vscode-markdown-languageservice@^0.4.0-alpha.7
54 silly fetch manifest vscode-nls@^5.2.0
55 silly fetch manifest vscode-uri@^3.0.8
56 http fetch GET 200 https://registry.npmjs.org/regenerator-runtime 135ms (cache miss)
57 http fetch GET 200 https://registry.npmjs.org/core-js 163ms (cache miss)
58 http fetch GET 200 https://registry.npmjs.org/jsonc-parser 261ms (cache miss)
59 http fetch GET 200 https://registry.npmjs.org/vscode-languageserver-types 257ms (cache miss)
60 http fetch GET 200 https://registry.npmjs.org/vscode-languageserver-textdocument 382ms (cache miss)
61 http fetch GET 200 https://registry.npmjs.org/request-light 390ms (cache miss)
62 http fetch GET 200 https://registry.npmjs.org/vscode-nls 384ms (cache miss)
63 http fetch GET 200 https://registry.npmjs.org/vscode-uri 386ms (cache miss)
64 http fetch GET 200 https://registry.npmjs.org/typescript 405ms (cache miss)
65 http fetch GET 200 https://registry.npmjs.org/vscode-markdown-languageservice 546ms (cache miss)
66 http fetch GET 200 https://registry.npmjs.org/vscode-html-languageservice 557ms (cache miss)
67 http fetch GET 200 https://registry.npmjs.org/vscode-json-languageservice 561ms (cache miss)
68 http fetch GET 200 https://registry.npmjs.org/vscode-languageserver 568ms (cache miss)
69 http fetch GET 200 https://registry.npmjs.org/vscode-css-languageservice 577ms (cache miss)
70 http fetch GET 200 https://registry.npmjs.org/@vscode%2fl10n 597ms (cache miss)
71 timing idealTree:#root Completed in 1007ms
72 silly placeDep node_modules/vscode-langservers-extracted @vscode/l10n@0.0.16 OK for: vscode-langservers-extracted@4.8.0 want: ^0.0.16
73 silly placeDep node_modules/vscode-langservers-extracted core-js@3.35.1 OK for: vscode-langservers-extracted@4.8.0 want: ^3.20.1
74 silly placeDep node_modules/vscode-langservers-extracted jsonc-parser@3.2.1 OK for: vscode-langservers-extracted@4.8.0 want: ^3.2.0
75 silly placeDep node_modules/vscode-langservers-extracted regenerator-runtime@0.13.11 OK for: vscode-langservers-extracted@4.8.0 want: ^0.13.9
76 silly placeDep node_modules/vscode-langservers-extracted request-light@0.7.0 OK for: vscode-langservers-extracted@4.8.0 want: ^0.7.0
77 silly placeDep node_modules/vscode-langservers-extracted typescript@4.9.5 OK for: vscode-langservers-extracted@4.8.0 want: ^4.0.5
78 silly placeDep node_modules/vscode-langservers-extracted vscode-css-languageservice@6.2.12 OK for: vscode-langservers-extracted@4.8.0 want: ^6.2.10
79 silly placeDep node_modules/vscode-langservers-extracted vscode-html-languageservice@5.1.2 OK for: vscode-langservers-extracted@4.8.0 want: ^5.1.0
80 silly placeDep node_modules/vscode-langservers-extracted vscode-json-languageservice@5.3.9 OK for: vscode-langservers-extracted@4.8.0 want: ^5.3.7
81 silly placeDep node_modules/vscode-langservers-extracted vscode-languageserver@9.0.1 OK for: vscode-langservers-extracted@4.8.0 want: ^9.0.1
82 silly placeDep node_modules/vscode-langservers-extracted vscode-languageserver-textdocument@1.0.11 OK for: vscode-langservers-extracted@4.8.0 want: ^1.0.11
83 silly placeDep node_modules/vscode-langservers-extracted vscode-languageserver-types@3.17.5 OK for: vscode-langservers-extracted@4.8.0 want: ^3.17.5
84 silly placeDep node_modules/vscode-langservers-extracted vscode-markdown-languageservice@0.4.0 OK for: vscode-langservers-extracted@4.8.0 want: ^0.4.0-alpha.7
85 silly placeDep node_modules/vscode-langservers-extracted vscode-nls@5.2.0 OK for: vscode-langservers-extracted@4.8.0 want: ^5.2.0
86 silly placeDep node_modules/vscode-langservers-extracted vscode-uri@3.0.8 OK for: vscode-langservers-extracted@4.8.0 want: ^3.0.8
87 silly fetch manifest @vscode/l10n@^0.0.18
88 silly fetch manifest vscode-languageserver-protocol@3.17.5
89 silly fetch manifest @vscode/l10n@^0.0.10
90 silly fetch manifest node-html-parser@^6.1.5
91 silly fetch manifest picomatch@^2.3.1
92 http fetch GET 200 https://registry.npmjs.org/picomatch 52ms (cache miss)
93 http fetch GET 200 https://registry.npmjs.org/vscode-languageserver-protocol 362ms (cache miss)
94 http fetch GET 200 https://registry.npmjs.org/node-html-parser 393ms (cache miss)
95 timing idealTree:node_modules/vscode-langservers-extracted Completed in 420ms
96 timing idealTree:node_modules/vscode-langservers-extracted/node_modules/@vscode/l10n Completed in 0ms
97 timing idealTree:node_modules/vscode-langservers-extracted/node_modules/core-js Completed in 0ms
98 timing idealTree:node_modules/vscode-langservers-extracted/node_modules/jsonc-parser Completed in 1ms
99 timing idealTree:node_modules/vscode-langservers-extracted/node_modules/regenerator-runtime Completed in 0ms
100 timing idealTree:node_modules/vscode-langservers-extracted/node_modules/request-light Completed in 0ms
101 timing idealTree:node_modules/vscode-langservers-extracted/node_modules/typescript Completed in 0ms
102 silly placeDep node_modules/vscode-langservers-extracted/node_modules/vscode-css-languageservice @vscode/l10n@0.0.18 OK for: vscode-css-languageservice@6.2.12 want: ^0.0.18
103 timing idealTree:node_modules/vscode-langservers-extracted/node_modules/vscode-css-languageservice Completed in 4ms
104 silly placeDep node_modules/vscode-langservers-extracted/node_modules/vscode-html-languageservice @vscode/l10n@0.0.18 OK for: vscode-html-languageservice@5.1.2 want: ^0.0.18
105 timing idealTree:node_modules/vscode-langservers-extracted/node_modules/vscode-html-languageservice Completed in 2ms
106 silly placeDep node_modules/vscode-langservers-extracted/node_modules/vscode-json-languageservice @vscode/l10n@0.0.18 OK for: vscode-json-languageservice@5.3.9 want: ^0.0.18
107 timing idealTree:node_modules/vscode-langservers-extracted/node_modules/vscode-json-languageservice Completed in 2ms
108 silly placeDep node_modules/vscode-langservers-extracted vscode-languageserver-protocol@3.17.5 OK for: vscode-languageserver@9.0.1 want: 3.17.5
109 silly fetch manifest vscode-jsonrpc@8.2.0
110 http fetch GET 200 https://registry.npmjs.org/vscode-jsonrpc 259ms (cache miss)
111 timing idealTree:node_modules/vscode-langservers-extracted/node_modules/vscode-languageserver Completed in 263ms
112 silly placeDep node_modules/vscode-langservers-extracted vscode-jsonrpc@8.2.0 OK for: vscode-languageserver-protocol@3.17.5 want: 8.2.0
113 timing idealTree:node_modules/vscode-langservers-extracted/node_modules/vscode-languageserver-protocol Completed in 2ms
114 timing idealTree:node_modules/vscode-langservers-extracted/node_modules/vscode-jsonrpc Completed in 0ms
115 timing idealTree:node_modules/vscode-langservers-extracted/node_modules/vscode-languageserver-textdocument Completed in 0ms
116 timing idealTree:node_modules/vscode-langservers-extracted/node_modules/vscode-languageserver-types Completed in 0ms
117 silly placeDep node_modules/vscode-langservers-extracted/node_modules/vscode-markdown-languageservice @vscode/l10n@0.0.10 OK for: vscode-markdown-languageservice@0.4.0 want: ^0.0.10
118 silly placeDep node_modules/vscode-langservers-extracted node-html-parser@6.1.12 OK for: vscode-markdown-languageservice@0.4.0 want: ^6.1.5
119 silly placeDep node_modules/vscode-langservers-extracted picomatch@2.3.1 OK for: vscode-markdown-languageservice@0.4.0 want: ^2.3.1
120 silly fetch manifest css-select@^5.1.0
121 silly fetch manifest he@1.2.0
122 http fetch GET 200 https://registry.npmjs.org/he 38ms (cache miss)
123 http fetch GET 200 https://registry.npmjs.org/css-select 39ms (cache miss)
124 timing idealTree:node_modules/vscode-langservers-extracted/node_modules/vscode-markdown-languageservice Completed in 45ms
125 silly placeDep node_modules/vscode-langservers-extracted css-select@5.1.0 OK for: node-html-parser@6.1.12 want: ^5.1.0
126 silly placeDep node_modules/vscode-langservers-extracted he@1.2.0 OK for: node-html-parser@6.1.12 want: 1.2.0
127 silly fetch manifest boolbase@^1.0.0
128 silly fetch manifest css-what@^6.1.0
129 silly fetch manifest domhandler@^5.0.2
130 silly fetch manifest domutils@^3.0.1
131 silly fetch manifest nth-check@^2.0.1
132 http fetch GET 200 https://registry.npmjs.org/nth-check 37ms (cache miss)
133 http fetch GET 200 https://registry.npmjs.org/domutils 40ms (cache miss)
134 http fetch GET 200 https://registry.npmjs.org/css-what 241ms (cache miss)
135 http fetch GET 200 https://registry.npmjs.org/boolbase 253ms (cache miss)
136 http fetch GET 200 https://registry.npmjs.org/domhandler 261ms (cache miss)
137 timing idealTree:node_modules/vscode-langservers-extracted/node_modules/node-html-parser Completed in 268ms
138 silly placeDep node_modules/vscode-langservers-extracted boolbase@1.0.0 OK for: css-select@5.1.0 want: ^1.0.0
139 silly placeDep node_modules/vscode-langservers-extracted css-what@6.1.0 OK for: css-select@5.1.0 want: ^6.1.0
140 silly placeDep node_modules/vscode-langservers-extracted domhandler@5.0.3 OK for: css-select@5.1.0 want: ^5.0.2
141 silly placeDep node_modules/vscode-langservers-extracted domutils@3.1.0 OK for: css-select@5.1.0 want: ^3.0.1
142 silly placeDep node_modules/vscode-langservers-extracted nth-check@2.1.1 OK for: css-select@5.1.0 want: ^2.0.1
143 silly fetch manifest domelementtype@^2.3.0
144 silly fetch manifest dom-serializer@^2.0.0
145 http fetch GET 200 https://registry.npmjs.org/domelementtype 35ms (cache miss)
146 http fetch GET 200 https://registry.npmjs.org/dom-serializer 261ms (cache miss)
147 timing idealTree:node_modules/vscode-langservers-extracted/node_modules/css-select Completed in 272ms
148 timing idealTree:node_modules/vscode-langservers-extracted/node_modules/boolbase Completed in 0ms
149 timing idealTree:node_modules/vscode-langservers-extracted/node_modules/css-what Completed in 0ms
150 silly placeDep node_modules/vscode-langservers-extracted domelementtype@2.3.0 OK for: domhandler@5.0.3 want: ^2.3.0
151 timing idealTree:node_modules/vscode-langservers-extracted/node_modules/domhandler Completed in 2ms
152 timing idealTree:node_modules/vscode-langservers-extracted/node_modules/domelementtype Completed in 0ms
153 silly placeDep node_modules/vscode-langservers-extracted dom-serializer@2.0.0 OK for: domutils@3.1.0 want: ^2.0.0
154 silly fetch manifest entities@^4.2.0
155 http fetch GET 200 https://registry.npmjs.org/entities 12ms (cache hit)
156 timing idealTree:node_modules/vscode-langservers-extracted/node_modules/domutils Completed in 16ms
157 silly placeDep node_modules/vscode-langservers-extracted entities@4.5.0 OK for: dom-serializer@2.0.0 want: ^4.2.0
158 timing idealTree:node_modules/vscode-langservers-extracted/node_modules/dom-serializer Completed in 2ms
159 timing idealTree:node_modules/vscode-langservers-extracted/node_modules/entities Completed in 0ms
160 timing idealTree:node_modules/vscode-langservers-extracted/node_modules/he Completed in 0ms
161 timing idealTree:node_modules/vscode-langservers-extracted/node_modules/nth-check Completed in 0ms
162 timing idealTree:node_modules/vscode-langservers-extracted/node_modules/picomatch Completed in 0ms
163 timing idealTree:node_modules/vscode-langservers-extracted/node_modules/vscode-nls Completed in 0ms
164 timing idealTree:node_modules/vscode-langservers-extracted/node_modules/vscode-uri Completed in 0ms
165 timing idealTree:node_modules/vscode-langservers-extracted/node_modules/vscode-css-languageservice/node_modules/@vscode/l10n Completed in 0ms
166 timing idealTree:node_modules/vscode-langservers-extracted/node_modules/vscode-html-languageservice/node_modules/@vscode/l10n Completed in 0ms
167 timing idealTree:node_modules/vscode-langservers-extracted/node_modules/vscode-json-languageservice/node_modules/@vscode/l10n Completed in 0ms
168 timing idealTree:node_modules/vscode-langservers-extracted/node_modules/vscode-markdown-languageservice/node_modules/@vscode/l10n Completed in 0ms
169 timing idealTree:buildDeps Completed in 2309ms
170 timing idealTree:fixDepFlags Completed in 1ms
171 timing idealTree Completed in 2338ms
172 timing reify:loadTrees Completed in 2340ms
173 timing reify:diffTrees Completed in 3ms
174 silly reify moves {}
175 timing reify:retireShallow Completed in 2ms
176 timing reify:createSparse Completed in 8ms
177 timing reify:loadBundles Completed in 0ms
178 silly audit bulk request {
178 silly audit   'vscode-langservers-extracted': [ '4.8.0' ],
178 silly audit   '@vscode/l10n': [ '0.0.16', '0.0.18', '0.0.10' ],
178 silly audit   'core-js': [ '3.35.1' ],
178 silly audit   'jsonc-parser': [ '3.2.1' ],
178 silly audit   'regenerator-runtime': [ '0.13.11' ],
178 silly audit   'request-light': [ '0.7.0' ],
178 silly audit   typescript: [ '4.9.5' ],
178 silly audit   'vscode-css-languageservice': [ '6.2.12' ],
178 silly audit   'vscode-html-languageservice': [ '5.1.2' ],
178 silly audit   'vscode-json-languageservice': [ '5.3.9' ],
178 silly audit   'vscode-languageserver': [ '9.0.1' ],
178 silly audit   'vscode-languageserver-textdocument': [ '1.0.11' ],
178 silly audit   'vscode-languageserver-types': [ '3.17.5' ],
178 silly audit   'vscode-markdown-languageservice': [ '0.4.0' ],
178 silly audit   'vscode-nls': [ '5.2.0' ],
178 silly audit   'vscode-uri': [ '3.0.8' ],
178 silly audit   'vscode-languageserver-protocol': [ '3.17.5' ],
178 silly audit   'vscode-jsonrpc': [ '8.2.0' ],
178 silly audit   'node-html-parser': [ '6.1.12' ],
178 silly audit   picomatch: [ '2.3.1' ],
178 silly audit   'css-select': [ '5.1.0' ],
178 silly audit   he: [ '1.2.0' ],
178 silly audit   boolbase: [ '1.0.0' ],
178 silly audit   'css-what': [ '6.1.0' ],
178 silly audit   domhandler: [ '5.0.3' ],
178 silly audit   domutils: [ '3.1.0' ],
178 silly audit   'nth-check': [ '2.1.1' ],
178 silly audit   domelementtype: [ '2.3.0' ],
178 silly audit   'dom-serializer': [ '2.0.0' ],
178 silly audit   entities: [ '4.5.0' ]
178 silly audit }
179 silly tarball no local data for vscode-langservers-extracted@https://registry.npmjs.org/vscode-langservers-extracted/-/vscode-langservers-extracted-4.8.0.tgz. Extracting by manifest.
180 silly tarball no local data for dom-serializer@https://registry.npmjs.org/dom-serializer/-/dom-serializer-2.0.0.tgz. Extracting by manifest.
181 silly tarball no local data for domelementtype@https://registry.npmjs.org/domelementtype/-/domelementtype-2.3.0.tgz. Extracting by manifest.
182 silly tarball no local data for nth-check@https://registry.npmjs.org/nth-check/-/nth-check-2.1.1.tgz. Extracting by manifest.
183 silly tarball no local data for domutils@https://registry.npmjs.org/domutils/-/domutils-3.1.0.tgz. Extracting by manifest.
184 silly tarball no local data for css-what@https://registry.npmjs.org/css-what/-/css-what-6.1.0.tgz. Extracting by manifest.
185 silly tarball no local data for boolbase@https://registry.npmjs.org/boolbase/-/boolbase-1.0.0.tgz. Extracting by manifest.
186 silly tarball no local data for css-select@https://registry.npmjs.org/css-select/-/css-select-5.1.0.tgz. Extracting by manifest.
187 silly tarball no local data for entities@https://registry.npmjs.org/entities/-/entities-4.5.0.tgz. Extracting by manifest.
188 silly tarball no local data for domhandler@https://registry.npmjs.org/domhandler/-/domhandler-5.0.3.tgz. Extracting by manifest.
189 silly tarball no local data for he@https://registry.npmjs.org/he/-/he-1.2.0.tgz. Extracting by manifest.
190 silly tarball no local data for picomatch@https://registry.npmjs.org/picomatch/-/picomatch-2.3.1.tgz. Extracting by manifest.
191 silly tarball no local data for vscode-jsonrpc@https://registry.npmjs.org/vscode-jsonrpc/-/vscode-jsonrpc-8.2.0.tgz. Extracting by manifest.
192 silly tarball no local data for node-html-parser@https://registry.npmjs.org/node-html-parser/-/node-html-parser-6.1.12.tgz. Extracting by manifest.
193 silly tarball no local data for vscode-languageserver-protocol@https://registry.npmjs.org/vscode-languageserver-protocol/-/vscode-languageserver-protocol-3.17.5.tgz. Extracting by manifest.
194 silly tarball no local data for vscode-uri@https://registry.npmjs.org/vscode-uri/-/vscode-uri-3.0.8.tgz. Extracting by manifest.
195 silly tarball no local data for vscode-nls@https://registry.npmjs.org/vscode-nls/-/vscode-nls-5.2.0.tgz. Extracting by manifest.
196 silly tarball no local data for vscode-markdown-languageservice@https://registry.npmjs.org/vscode-markdown-languageservice/-/vscode-markdown-languageservice-0.4.0.tgz. Extracting by manifest.
197 silly tarball no local data for @vscode/l10n@https://registry.npmjs.org/@vscode/l10n/-/l10n-0.0.10.tgz. Extracting by manifest.
198 silly tarball no local data for vscode-languageserver-types@https://registry.npmjs.org/vscode-languageserver-types/-/vscode-languageserver-types-3.17.5.tgz. Extracting by manifest.
199 silly tarball no local data for vscode-languageserver-textdocument@https://registry.npmjs.org/vscode-languageserver-textdocument/-/vscode-languageserver-textdocument-1.0.11.tgz. Extracting by manifest.
200 silly tarball no local data for vscode-languageserver@https://registry.npmjs.org/vscode-languageserver/-/vscode-languageserver-9.0.1.tgz. Extracting by manifest.
201 silly tarball no local data for vscode-json-languageservice@https://registry.npmjs.org/vscode-json-languageservice/-/vscode-json-languageservice-5.3.9.tgz. Extracting by manifest.
202 silly tarball no local data for vscode-html-languageservice@https://registry.npmjs.org/vscode-html-languageservice/-/vscode-html-languageservice-5.1.2.tgz. Extracting by manifest.
203 silly tarball no local data for @vscode/l10n@https://registry.npmjs.org/@vscode/l10n/-/l10n-0.0.18.tgz. Extracting by manifest.
204 silly tarball no local data for @vscode/l10n@https://registry.npmjs.org/@vscode/l10n/-/l10n-0.0.18.tgz. Extracting by manifest.
205 silly tarball no local data for vscode-css-languageservice@https://registry.npmjs.org/vscode-css-languageservice/-/vscode-css-languageservice-6.2.12.tgz. Extracting by manifest.
206 silly tarball no local data for @vscode/l10n@https://registry.npmjs.org/@vscode/l10n/-/l10n-0.0.18.tgz. Extracting by manifest.
207 silly tarball no local data for typescript@https://registry.npmjs.org/typescript/-/typescript-4.9.5.tgz. Extracting by manifest.
208 silly tarball no local data for request-light@https://registry.npmjs.org/request-light/-/request-light-0.7.0.tgz. Extracting by manifest.
209 silly tarball no local data for jsonc-parser@https://registry.npmjs.org/jsonc-parser/-/jsonc-parser-3.2.1.tgz. Extracting by manifest.
210 silly tarball no local data for regenerator-runtime@https://registry.npmjs.org/regenerator-runtime/-/regenerator-runtime-0.13.11.tgz. Extracting by manifest.
211 silly tarball no local data for core-js@https://registry.npmjs.org/core-js/-/core-js-3.35.1.tgz. Extracting by manifest.
212 silly tarball no local data for @vscode/l10n@https://registry.npmjs.org/@vscode/l10n/-/l10n-0.0.16.tgz. Extracting by manifest.
213 http fetch POST 200 https://registry.npmjs.org/-/npm/v1/security/advisories/bulk 123ms
214 timing auditReport:getReport Completed in 129ms
215 silly audit report {}
216 timing auditReport:init Completed in 0ms
217 timing reify:audit Completed in 130ms
218 http fetch GET 200 https://registry.npmjs.org/dom-serializer/-/dom-serializer-2.0.0.tgz 298ms (cache miss)
219 http fetch GET 200 https://registry.npmjs.org/domelementtype/-/domelementtype-2.3.0.tgz 323ms (cache miss)
220 http fetch GET 200 https://registry.npmjs.org/boolbase/-/boolbase-1.0.0.tgz 316ms (cache miss)
221 timing reifyNode:node_modules/vscode-langservers-extracted/node_modules/boolbase Completed in 361ms
222 http fetch GET 200 https://registry.npmjs.org/picomatch/-/picomatch-2.3.1.tgz 317ms (cache miss)
223 timing reifyNode:node_modules/vscode-langservers-extracted/node_modules/domelementtype Completed in 387ms
224 http fetch GET 200 https://registry.npmjs.org/vscode-languageserver-textdocument/-/vscode-languageserver-textdocument-1.0.11.tgz 313ms (cache miss)
225 timing reifyNode:node_modules/vscode-langservers-extracted/node_modules/picomatch Completed in 393ms
226 http fetch GET 200 https://registry.npmjs.org/request-light/-/request-light-0.7.0.tgz 310ms (cache miss)
227 http fetch GET 200 https://registry.npmjs.org/@vscode/l10n/-/l10n-0.0.18.tgz 321ms (cache miss)
228 timing reifyNode:node_modules/vscode-langservers-extracted/node_modules/vscode-json-languageservice/node_modules/@vscode/l10n Completed in 399ms
229 http fetch GET 200 https://registry.npmjs.org/regenerator-runtime/-/regenerator-runtime-0.13.11.tgz 307ms (cache miss)
230 timing reifyNode:node_modules/vscode-langservers-extracted/node_modules/regenerator-runtime Completed in 399ms
231 timing reifyNode:node_modules/vscode-langservers-extracted/node_modules/vscode-languageserver-textdocument Completed in 404ms
232 timing reifyNode:node_modules/vscode-langservers-extracted/node_modules/request-light Completed in 404ms
233 http fetch GET 200 https://registry.npmjs.org/he/-/he-1.2.0.tgz 353ms (cache miss)
234 timing reifyNode:node_modules/vscode-langservers-extracted/node_modules/he Completed in 408ms
235 timing reifyNode:node_modules/vscode-langservers-extracted/node_modules/dom-serializer Completed in 413ms
236 http fetch GET 200 https://registry.npmjs.org/@vscode/l10n/-/l10n-0.0.18.tgz 342ms (cache miss)
237 timing reifyNode:node_modules/vscode-langservers-extracted/node_modules/vscode-html-languageservice/node_modules/@vscode/l10n Completed in 422ms
238 http fetch GET 200 https://registry.npmjs.org/@vscode/l10n/-/l10n-0.0.18.tgz 376ms (cache miss)
239 timing reifyNode:node_modules/vscode-langservers-extracted/node_modules/vscode-css-languageservice/node_modules/@vscode/l10n Completed in 462ms
240 http fetch GET 200 https://registry.npmjs.org/domhandler/-/domhandler-5.0.3.tgz 413ms (cache miss)
241 timing reifyNode:node_modules/vscode-langservers-extracted/node_modules/domhandler Completed in 463ms
242 http fetch GET 200 https://registry.npmjs.org/nth-check/-/nth-check-2.1.1.tgz 427ms (cache miss)
243 timing reifyNode:node_modules/vscode-langservers-extracted/node_modules/nth-check Completed in 474ms
244 http fetch GET 200 https://registry.npmjs.org/css-what/-/css-what-6.1.0.tgz 439ms (cache miss)
245 timing reifyNode:node_modules/vscode-langservers-extracted/node_modules/css-what Completed in 482ms
246 http fetch GET 200 https://registry.npmjs.org/vscode-languageserver-types/-/vscode-languageserver-types-3.17.5.tgz 429ms (cache miss)
247 timing reifyNode:node_modules/vscode-langservers-extracted/node_modules/vscode-languageserver-types Completed in 500ms
248 http fetch GET 200 https://registry.npmjs.org/vscode-uri/-/vscode-uri-3.0.8.tgz 444ms (cache miss)
249 timing reifyNode:node_modules/vscode-langservers-extracted/node_modules/vscode-uri Completed in 507ms
250 http fetch GET 200 https://registry.npmjs.org/@vscode/l10n/-/l10n-0.0.16.tgz 411ms (cache miss)
251 timing reifyNode:node_modules/vscode-langservers-extracted/node_modules/@vscode/l10n Completed in 507ms
252 http fetch GET 200 https://registry.npmjs.org/vscode-nls/-/vscode-nls-5.2.0.tgz 454ms (cache miss)
253 http fetch GET 200 https://registry.npmjs.org/@vscode/l10n/-/l10n-0.0.10.tgz 451ms (cache miss)
254 timing reifyNode:node_modules/vscode-langservers-extracted/node_modules/vscode-markdown-languageservice/node_modules/@vscode/l10n Completed in 521ms
255 http fetch GET 200 https://registry.npmjs.org/node-html-parser/-/node-html-parser-6.1.12.tgz 462ms (cache miss)
256 timing reifyNode:node_modules/vscode-langservers-extracted/node_modules/node-html-parser Completed in 522ms
257 timing reifyNode:node_modules/vscode-langservers-extracted/node_modules/vscode-nls Completed in 523ms
258 http fetch GET 200 https://registry.npmjs.org/jsonc-parser/-/jsonc-parser-3.2.1.tgz 435ms (cache miss)
259 timing reifyNode:node_modules/vscode-langservers-extracted/node_modules/jsonc-parser Completed in 528ms
260 http fetch GET 200 https://registry.npmjs.org/vscode-jsonrpc/-/vscode-jsonrpc-8.2.0.tgz 494ms (cache miss)
261 timing reifyNode:node_modules/vscode-langservers-extracted/node_modules/vscode-jsonrpc Completed in 556ms
262 http fetch GET 200 https://registry.npmjs.org/domutils/-/domutils-3.1.0.tgz 533ms (cache miss)
263 timing reifyNode:node_modules/vscode-langservers-extracted/node_modules/domutils Completed in 577ms
264 http fetch GET 200 https://registry.npmjs.org/vscode-languageserver/-/vscode-languageserver-9.0.1.tgz 502ms (cache miss)
265 timing reifyNode:node_modules/vscode-langservers-extracted/node_modules/vscode-languageserver Completed in 579ms
266 http fetch GET 200 https://registry.npmjs.org/vscode-markdown-languageservice/-/vscode-markdown-languageservice-0.4.0.tgz 515ms (cache miss)
267 timing reifyNode:node_modules/vscode-langservers-extracted/node_modules/vscode-markdown-languageservice Completed in 584ms
268 http fetch GET 200 https://registry.npmjs.org/entities/-/entities-4.5.0.tgz 543ms (cache miss)
269 timing reifyNode:node_modules/vscode-langservers-extracted/node_modules/entities Completed in 595ms
270 http fetch GET 200 https://registry.npmjs.org/vscode-languageserver-protocol/-/vscode-languageserver-protocol-3.17.5.tgz 537ms (cache miss)
271 timing reifyNode:node_modules/vscode-langservers-extracted/node_modules/vscode-languageserver-protocol Completed in 600ms
272 http fetch GET 200 https://registry.npmjs.org/css-select/-/css-select-5.1.0.tgz 557ms (cache miss)
273 timing reifyNode:node_modules/vscode-langservers-extracted/node_modules/css-select Completed in 606ms
274 http fetch GET 200 https://registry.npmjs.org/vscode-json-languageservice/-/vscode-json-languageservice-5.3.9.tgz 541ms (cache miss)
275 timing reifyNode:node_modules/vscode-langservers-extracted/node_modules/vscode-json-languageservice Completed in 617ms
276 http fetch GET 200 https://registry.npmjs.org/vscode-langservers-extracted/-/vscode-langservers-extracted-4.8.0.tgz 662ms (cache miss)
277 timing reifyNode:node_modules/vscode-langservers-extracted Completed in 697ms
278 http fetch GET 200 https://registry.npmjs.org/vscode-html-languageservice/-/vscode-html-languageservice-5.1.2.tgz 623ms (cache miss)
279 timing reifyNode:node_modules/vscode-langservers-extracted/node_modules/vscode-html-languageservice Completed in 700ms
280 http fetch GET 200 https://registry.npmjs.org/vscode-css-languageservice/-/vscode-css-languageservice-6.2.12.tgz 691ms (cache miss)
281 timing reifyNode:node_modules/vscode-langservers-extracted/node_modules/vscode-css-languageservice Completed in 773ms
282 http fetch GET 200 https://registry.npmjs.org/core-js/-/core-js-3.35.1.tgz 2106ms (cache miss)
283 timing reifyNode:node_modules/vscode-langservers-extracted/node_modules/core-js Completed in 2200ms
284 http fetch GET 200 https://registry.npmjs.org/typescript/-/typescript-4.9.5.tgz 2209ms (cache miss)
285 timing reifyNode:node_modules/vscode-langservers-extracted/node_modules/typescript Completed in 2297ms
286 timing reify:unpack Completed in 2299ms
287 timing reify:unretire Completed in 0ms
288 timing build:queue Completed in 4ms
289 timing build:link:node_modules/vscode-langservers-extracted/node_modules/he Completed in 5ms
290 timing build:link:node_modules/vscode-langservers-extracted Completed in 6ms
291 timing build:link:node_modules/vscode-langservers-extracted/node_modules/typescript Completed in 5ms
292 timing build:link:node_modules/vscode-langservers-extracted/node_modules/vscode-languageserver Completed in 5ms
293 timing build:link Completed in 7ms
294 info run core-js@3.35.1 postinstall node_modules/vscode-langservers-extracted/node_modules/core-js node -e "try{require('./postinstall')}catch(e){}"
295 info run core-js@3.35.1 postinstall { code: 0, signal: null }
296 timing build:run:postinstall:node_modules/vscode-langservers-extracted/node_modules/core-js Completed in 131ms
297 timing build:run:postinstall Completed in 131ms
298 timing build:deps Completed in 142ms
299 timing build Completed in 143ms
300 timing reify:build Completed in 143ms
301 timing reify:trash Completed in 0ms
302 timing reify:save Completed in 17ms
303 timing reify Completed in 4840ms
304 silly ADD node_modules/vscode-langservers-extracted
305 silly ADD node_modules/vscode-langservers-extracted/node_modules/entities
306 silly ADD node_modules/vscode-langservers-extracted/node_modules/dom-serializer
307 silly ADD node_modules/vscode-langservers-extracted/node_modules/domelementtype
308 silly ADD node_modules/vscode-langservers-extracted/node_modules/nth-check
309 silly ADD node_modules/vscode-langservers-extracted/node_modules/domutils
310 silly ADD node_modules/vscode-langservers-extracted/node_modules/domhandler
311 silly ADD node_modules/vscode-langservers-extracted/node_modules/css-what
312 silly ADD node_modules/vscode-langservers-extracted/node_modules/boolbase
313 silly ADD node_modules/vscode-langservers-extracted/node_modules/he
314 silly ADD node_modules/vscode-langservers-extracted/node_modules/css-select
315 silly ADD node_modules/vscode-langservers-extracted/node_modules/picomatch
316 silly ADD node_modules/vscode-langservers-extracted/node_modules/node-html-parser
317 silly ADD node_modules/vscode-langservers-extracted/node_modules/vscode-jsonrpc
318 silly ADD node_modules/vscode-langservers-extracted/node_modules/vscode-languageserver-protocol
319 silly ADD node_modules/vscode-langservers-extracted/node_modules/vscode-uri
320 silly ADD node_modules/vscode-langservers-extracted/node_modules/vscode-nls
321 silly ADD node_modules/vscode-langservers-extracted/node_modules/vscode-markdown-languageservice
322 silly ADD node_modules/vscode-langservers-extracted/node_modules/vscode-markdown-languageservice/node_modules/@vscode/l10n
323 silly ADD node_modules/vscode-langservers-extracted/node_modules/vscode-languageserver-types
324 silly ADD node_modules/vscode-langservers-extracted/node_modules/vscode-languageserver-textdocument
325 silly ADD node_modules/vscode-langservers-extracted/node_modules/vscode-languageserver
326 silly ADD node_modules/vscode-langservers-extracted/node_modules/vscode-json-languageservice
327 silly ADD node_modules/vscode-langservers-extracted/node_modules/vscode-json-languageservice/node_modules/@vscode/l10n
328 silly ADD node_modules/vscode-langservers-extracted/node_modules/vscode-html-languageservice
329 silly ADD node_modules/vscode-langservers-extracted/node_modules/vscode-html-languageservice/node_modules/@vscode/l10n
330 silly ADD node_modules/vscode-langservers-extracted/node_modules/vscode-css-languageservice
331 silly ADD node_modules/vscode-langservers-extracted/node_modules/vscode-css-languageservice/node_modules/@vscode/l10n
332 silly ADD node_modules/vscode-langservers-extracted/node_modules/typescript
333 silly ADD node_modules/vscode-langservers-extracted/node_modules/request-light
334 silly ADD node_modules/vscode-langservers-extracted/node_modules/regenerator-runtime
335 silly ADD node_modules/vscode-langservers-extracted/node_modules/jsonc-parser
336 silly ADD node_modules/vscode-langservers-extracted/node_modules/core-js
337 silly ADD node_modules/vscode-langservers-extracted/node_modules/@vscode/l10n
338 timing command:install Completed in 4854ms
339 verbose exit 0
340 timing npm Completed in 4930ms
341 info ok
